  [1m[35m (3.5ms)[0m  [1m[34mSELECT sqlite_version(*)[0m
  [1m[35m (23.7ms)[0m  [1m[35mCREATE TABLE "schema_migrations" ("version" varchar NOT NULL PRIMARY KEY)[0m
  [1m[35m (16.5ms)[0m  [1m[35mCREATE TABLE "ar_internal_metadata" ("key" varchar NOT NULL PRIMARY KEY, "value" varchar, "created_at" datetime(6) NOT NULL, "updated_at" datetime(6) NOT NULL)[0m
  [1m[35m (0.3ms)[0m  [1m[34mSELECT "schema_migrations"."version" FROM "schema_migrations" ORDER BY "schema_migrations"."version" ASC[0m
Migrating to CreateStudents (20191208053926)
  [1m[35m (0.1ms)[0m  [1m[36mbegin transaction[0m
  [1m[35m (1.0ms)[0m  [1m[35mCREATE TABLE "students" ("id" integer PRIMARY KEY AUTOINCREMENT NOT NULL, "name" varchar, "created_at" datetime(6) NOT NULL, "updated_at" datetime(6) NOT NULL)[0m
  [1m[35m (0.9ms)[0m  [1m[35mALTER TABLE "courses" ADD "students_id" integer[0m
  [1m[35m (4.4ms)[0m  [1m[31mrollback transaction[0m
  [1m[35m (3.0ms)[0m  [1m[34mSELECT sqlite_version(*)[0m
  [1m[35m (0.2ms)[0m  [1m[34mSELECT "schema_migrations"."version" FROM "schema_migrations" ORDER BY "schema_migrations"."version" ASC[0m
Migrating to CreateStudents (20191208053926)
  [1m[35m (0.1ms)[0m  [1m[36mbegin transaction[0m
  [1m[35m (1.5ms)[0m  [1m[35mCREATE TABLE "students" ("id" integer PRIMARY KEY AUTOINCREMENT NOT NULL, "name" varchar, "created_at" datetime(6) NOT NULL, "updated_at" datetime(6) NOT NULL)[0m
  [1m[35m (0.4ms)[0m  [1m[35mALTER TABLE "students" ADD "courses_id" integer[0m
  [1m[35m (0.1ms)[0m  [1m[35mCREATE  INDEX "index_students_on_courses_id" ON "students" ("courses_id")[0m
  [1m[35m (0.0ms)[0m  [1m[35mPRAGMA foreign_keys[0m
  [1m[35m (0.0ms)[0m  [1m[35mPRAGMA defer_foreign_keys[0m
  [1m[35m (0.0ms)[0m  [1m[35mPRAGMA defer_foreign_keys = ON[0m
  [1m[35m (0.0ms)[0m  [1m[35mPRAGMA foreign_keys = OFF[0m
  [1m[35m (0.1ms)[0m  [1m[35mCREATE TEMPORARY TABLE "astudents" ("id" integer NOT NULL PRIMARY KEY, "name" varchar DEFAULT NULL, "created_at" datetime(6) NOT NULL, "updated_at" datetime(6) NOT NULL, "courses_id" integer DEFAULT NULL)[0m
  [1m[35m (0.2ms)[0m  [1m[35mCREATE  INDEX "tindex_astudents_on_courses_id" ON "astudents" ("courses_id")[0m
  [1m[35m (0.1ms)[0m  [1m[32mINSERT INTO "astudents" ("id","name","created_at","updated_at","courses_id")
                     SELECT "id","name","created_at","updated_at","courses_id" FROM "students"[0m
  [1m[35m (0.2ms)[0m  [1m[35mDROP TABLE "students"[0m
  [1m[35m (0.2ms)[0m  [1m[35mCREATE TABLE "students" ("id" integer NOT NULL PRIMARY KEY, "name" varchar DEFAULT NULL, "created_at" datetime(6) NOT NULL, "updated_at" datetime(6) NOT NULL, "courses_id" integer DEFAULT NULL, CONSTRAINT "fk_rails_41d0a5f89b"
FOREIGN KEY ("courses_id")
  REFERENCES "courses" ("id")
)[0m
  [1m[35m (0.1ms)[0m  [1m[35mCREATE  INDEX "index_students_on_courses_id" ON "students" ("courses_id")[0m
  [1m[35m (0.3ms)[0m  [1m[32mINSERT INTO "students" ("id","name","created_at","updated_at","courses_id")
                     SELECT "id","name","created_at","updated_at","courses_id" FROM "astudents"[0m
  [1m[35m (0.0ms)[0m  [1m[35mPRAGMA defer_foreign_keys = 0[0m
  [1m[35m (0.0ms)[0m  [1m[35mPRAGMA foreign_keys = 1[0m
  [1m[35m (6.0ms)[0m  [1m[31mrollback transaction[0m
  [1m[35m (3.8ms)[0m  [1m[34mSELECT sqlite_version(*)[0m
  [1m[35m (0.3ms)[0m  [1m[34mSELECT "schema_migrations"."version" FROM "schema_migrations" ORDER BY "schema_migrations"."version" ASC[0m
Migrating to CreateStudents (20191208053926)
  [1m[35m (0.1ms)[0m  [1m[36mbegin transaction[0m
  [1m[35m (1.6ms)[0m  [1m[35mCREATE TABLE "students" ("id" integer PRIMARY KEY AUTOINCREMENT NOT NULL, "name" varchar, "created_at" datetime(6) NOT NULL, "updated_at" datetime(6) NOT NULL)[0m
  [1m[36mprimary::SchemaMigration Create (0.4ms)[0m  [1m[32mINSERT INTO "schema_migrations" ("version") VALUES (?)[0m  [["version", "20191208053926"]]
  [1m[35m (15.5ms)[0m  [1m[36mcommit transaction[0m
Migrating to CreateCourses (20191208053945)
  [1m[35m (0.1ms)[0m  [1m[36mbegin transaction[0m
  [1m[35m (1.1ms)[0m  [1m[35mCREATE TABLE "courses" ("id" integer PRIMARY KEY AUTOINCREMENT NOT NULL, "name" varchar, "created_at" datetime(6) NOT NULL, "updated_at" datetime(6) NOT NULL)[0m
  [1m[36mprimary::SchemaMigration Create (0.3ms)[0m  [1m[32mINSERT INTO "schema_migrations" ("version") VALUES (?)[0m  [["version", "20191208053945"]]
  [1m[35m (15.1ms)[0m  [1m[36mcommit transaction[0m
  [1m[36mActiveRecord::InternalMetadata Load (0.4ms)[0m  [1m[34mSELECT "ar_internal_metadata".* FROM "ar_internal_metadata" WHERE "ar_internal_metadata"."key" = ? LIMIT ?[0m  [["key", "environment"], ["LIMIT", 1]]
  [1m[35m (0.1ms)[0m  [1m[36mbegin transaction[0m
  [1m[36mActiveRecord::InternalMetadata Create (2.1ms)[0m  [1m[32mINSERT INTO "ar_internal_metadata" ("key", "value", "created_at", "updated_at") VALUES (?, ?, ?, ?)[0m  [["key", "environment"], ["value", "development"], ["created_at", "2019-12-08 05:43:57.550514"], ["updated_at", "2019-12-08 05:43:57.550514"]]
  [1m[35m (13.7ms)[0m  [1m[36mcommit transaction[0m
  [1m[35m (0.1ms)[0m  [1m[34mSELECT sqlite_version(*)[0m
  [1m[35m (0.4ms)[0m  [1m[34mSELECT "schema_migrations"."version" FROM "schema_migrations" ORDER BY "schema_migrations"."version" ASC[0m
  [1m[35m (3.0ms)[0m  [1m[34mSELECT sqlite_version(*)[0m
  [1m[35m (0.2ms)[0m  [1m[34mSELECT "schema_migrations"."version" FROM "schema_migrations" ORDER BY "schema_migrations"."version" ASC[0m
Migrating to AddForeignKeys (20191208054505)
  [1m[35m (0.1ms)[0m  [1m[36mbegin transaction[0m
  [1m[35m (4.6ms)[0m  [1m[35mALTER TABLE "courses" ADD "students_id" integer[0m
  [1m[35m (0.2ms)[0m  [1m[35mCREATE  INDEX "index_courses_on_students_id" ON "courses" ("students_id")[0m
  [1m[35m (0.1ms)[0m  [1m[35mPRAGMA foreign_keys[0m
  [1m[35m (0.1ms)[0m  [1m[35mPRAGMA defer_foreign_keys[0m
  [1m[35m (0.1ms)[0m  [1m[35mPRAGMA defer_foreign_keys = ON[0m
  [1m[35m (0.0ms)[0m  [1m[35mPRAGMA foreign_keys = OFF[0m
  [1m[35m (0.2ms)[0m  [1m[35mCREATE TEMPORARY TABLE "acourses" ("id" integer NOT NULL PRIMARY KEY, "name" varchar DEFAULT NULL, "created_at" datetime(6) NOT NULL, "updated_at" datetime(6) NOT NULL, "students_id" integer DEFAULT NULL)[0m
  [1m[35m (0.1ms)[0m  [1m[35mCREATE  INDEX "tindex_acourses_on_students_id" ON "acourses" ("students_id")[0m
  [1m[35m (0.1ms)[0m  [1m[32mINSERT INTO "acourses" ("id","name","created_at","updated_at","students_id")
                     SELECT "id","name","created_at","updated_at","students_id" FROM "courses"[0m
  [1m[35m (0.2ms)[0m  [1m[35mDROP TABLE "courses"[0m
  [1m[35m (0.2ms)[0m  [1m[35mCREATE TABLE "courses" ("id" integer NOT NULL PRIMARY KEY, "name" varchar DEFAULT NULL, "created_at" datetime(6) NOT NULL, "updated_at" datetime(6) NOT NULL, "students_id" integer DEFAULT NULL, CONSTRAINT "fk_rails_8dd40d7598"
FOREIGN KEY ("students_id")
  REFERENCES "students" ("id")
)[0m
  [1m[35m (0.3ms)[0m  [1m[35mCREATE  INDEX "index_courses_on_students_id" ON "courses" ("students_id")[0m
  [1m[35m (0.1ms)[0m  [1m[32mINSERT INTO "courses" ("id","name","created_at","updated_at","students_id")
                     SELECT "id","name","created_at","updated_at","students_id" FROM "acourses"[0m
  [1m[35m (0.1ms)[0m  [1m[35mDROP TABLE "acourses"[0m
  [1m[35m (0.0ms)[0m  [1m[35mPRAGMA defer_foreign_keys = 0[0m
  [1m[35m (0.0ms)[0m  [1m[35mPRAGMA foreign_keys = 1[0m
  [1m[35m (0.3ms)[0m  [1m[35mALTER TABLE "students" ADD "courses_id" integer[0m
  [1m[35m (0.2ms)[0m  [1m[35mCREATE  INDEX "index_students_on_courses_id" ON "students" ("courses_id")[0m
  [1m[35m (0.0ms)[0m  [1m[35mPRAGMA foreign_keys[0m
  [1m[35m (0.0ms)[0m  [1m[35mPRAGMA defer_foreign_keys[0m
  [1m[35m (0.1ms)[0m  [1m[35mPRAGMA defer_foreign_keys = ON[0m
  [1m[35m (0.1ms)[0m  [1m[35mPRAGMA foreign_keys = OFF[0m
  [1m[35m (0.3ms)[0m  [1m[35mCREATE TEMPORARY TABLE "astudents" ("id" integer NOT NULL PRIMARY KEY, "name" varchar DEFAULT NULL, "created_at" datetime(6) NOT NULL, "updated_at" datetime(6) NOT NULL, "courses_id" integer DEFAULT NULL)[0m
  [1m[35m (0.1ms)[0m  [1m[35mCREATE  INDEX "tindex_astudents_on_courses_id" ON "astudents" ("courses_id")[0m
  [1m[35m (0.1ms)[0m  [1m[32mINSERT INTO "astudents" ("id","name","created_at","updated_at","courses_id")
                     SELECT "id","name","created_at","updated_at","courses_id" FROM "students"[0m
  [1m[35m (0.1ms)[0m  [1m[35mDROP TABLE "students"[0m
  [1m[35m (0.1ms)[0m  [1m[35mCREATE TABLE "students" ("id" integer NOT NULL PRIMARY KEY, "name" varchar DEFAULT NULL, "created_at" datetime(6) NOT NULL, "updated_at" datetime(6) NOT NULL, "courses_id" integer DEFAULT NULL, CONSTRAINT "fk_rails_41d0a5f89b"
FOREIGN KEY ("courses_id")
  REFERENCES "courses" ("id")
)[0m
  [1m[35m (0.2ms)[0m  [1m[35mCREATE  INDEX "index_students_on_courses_id" ON "students" ("courses_id")[0m
  [1m[35m (0.1ms)[0m  [1m[32mINSERT INTO "students" ("id","name","created_at","updated_at","courses_id")
                     SELECT "id","name","created_at","updated_at","courses_id" FROM "astudents"[0m
  [1m[35m (0.1ms)[0m  [1m[35mDROP TABLE "astudents"[0m
  [1m[35m (0.0ms)[0m  [1m[35mPRAGMA defer_foreign_keys = 0[0m
  [1m[35m (0.0ms)[0m  [1m[35mPRAGMA foreign_keys = 1[0m
  [1m[36mprimary::SchemaMigration Create (0.3ms)[0m  [1m[32mINSERT INTO "schema_migrations" ("version") VALUES (?)[0m  [["version", "20191208054505"]]
  [1m[35m (14.4ms)[0m  [1m[36mcommit transaction[0m
  [1m[36mActiveRecord::InternalMetadata Load (0.6ms)[0m  [1m[34mSELECT "ar_internal_metadata".* FROM "ar_internal_metadata" WHERE "ar_internal_metadata"."key" = ? LIMIT ?[0m  [["key", "environment"], ["LIMIT", 1]]
  [1m[35m (0.1ms)[0m  [1m[34mSELECT sqlite_version(*)[0m
  [1m[35m (0.1ms)[0m  [1m[34mSELECT "schema_migrations"."version" FROM "schema_migrations" ORDER BY "schema_migrations"."version" ASC[0m
  [1m[35m (3.0ms)[0m  [1m[34mSELECT sqlite_version(*)[0m
  [1m[35m (0.3ms)[0m  [1m[34mSELECT "schema_migrations"."version" FROM "schema_migrations" ORDER BY "schema_migrations"."version" ASC[0m
  [1m[35m (0.1ms)[0m  [1m[34mSELECT sqlite_version(*)[0m
  [1m[35m (0.1ms)[0m  [1m[36mbegin transaction[0m
  [1m[36mStudent Create (0.4ms)[0m  [1m[32mINSERT INTO "students" ("name", "created_at", "updated_at", "courses_id") VALUES (?, ?, ?, ?)[0m  [["name", "ABBY BOTSFORD"], ["created_at", "2019-12-08 05:47:47.517418"], ["updated_at", "2019-12-08 05:47:47.517418"], ["courses_id", 1]]
  [1m[35m (0.0ms)[0m  [1m[31mrollback transaction[0m
  [1m[35m (2.9ms)[0m  [1m[34mSELECT sqlite_version(*)[0m
  [1m[35m (0.3ms)[0m  [1m[34mSELECT "schema_migrations"."version" FROM "schema_migrations" ORDER BY "schema_migrations"."version" ASC[0m
  [1m[35m (0.1ms)[0m  [1m[34mSELECT sqlite_version(*)[0m
  [1m[35m (0.0ms)[0m  [1m[36mbegin transaction[0m
  [1m[36mStudent Create (0.5ms)[0m  [1m[32mINSERT INTO "students" ("name", "created_at", "updated_at", "courses_id") VALUES (?, ?, ?, ?)[0m  [["name", "ABBY BOTSFORD"], ["created_at", "2019-12-08 05:48:42.241758"], ["updated_at", "2019-12-08 05:48:42.241758"], ["courses_id", 1]]
  [1m[35m (0.0ms)[0m  [1m[31mrollback transaction[0m
  [1m[35m (3.0ms)[0m  [1m[34mSELECT sqlite_version(*)[0m
  [1m[35m (0.2ms)[0m  [1m[34mSELECT "schema_migrations"."version" FROM "schema_migrations" ORDER BY "schema_migrations"."version" ASC[0m
  [1m[35m (0.1ms)[0m  [1m[34mSELECT "schema_migrations"."version" FROM "schema_migrations" ORDER BY "schema_migrations"."version" ASC[0m
  [1m[35m (0.1ms)[0m  [1m[34mSELECT "schema_migrations"."version" FROM "schema_migrations" ORDER BY "schema_migrations"."version" ASC[0m
  [1m[35m (0.1ms)[0m  [1m[34mSELECT "schema_migrations"."version" FROM "schema_migrations" ORDER BY "schema_migrations"."version" ASC[0m
Migrating to AddForeignKeys (20191208054505)
  [1m[35m (0.1ms)[0m  [1m[36mbegin transaction[0m
  [1m[35m (0.1ms)[0m  [1m[35mPRAGMA foreign_keys[0m
  [1m[35m (0.1ms)[0m  [1m[35mPRAGMA defer_foreign_keys[0m
  [1m[35m (0.1ms)[0m  [1m[35mPRAGMA defer_foreign_keys = ON[0m
  [1m[35m (0.0ms)[0m  [1m[35mPRAGMA foreign_keys = OFF[0m
  [1m[35m (0.2ms)[0m  [1m[35mCREATE TEMPORARY TABLE "astudents" ("id" integer NOT NULL PRIMARY KEY, "name" varchar DEFAULT NULL, "created_at" datetime(6) NOT NULL, "updated_at" datetime(6) NOT NULL, "courses_id" integer DEFAULT NULL)[0m
  [1m[35m (0.1ms)[0m  [1m[35mCREATE  INDEX "tindex_astudents_on_courses_id" ON "astudents" ("courses_id")[0m
  [1m[35m (0.1ms)[0m  [1m[32mINSERT INTO "astudents" ("id","name","created_at","updated_at","courses_id")
                     SELECT "id","name","created_at","updated_at","courses_id" FROM "students"[0m
  [1m[35m (4.8ms)[0m  [1m[35mDROP TABLE "students"[0m
  [1m[35m (0.1ms)[0m  [1m[35mCREATE TABLE "students" ("id" integer NOT NULL PRIMARY KEY, "name" varchar DEFAULT NULL, "created_at" datetime(6) NOT NULL, "updated_at" datetime(6) NOT NULL, "courses_id" integer DEFAULT NULL)[0m
  [1m[35m (0.1ms)[0m  [1m[35mCREATE  INDEX "index_students_on_courses_id" ON "students" ("courses_id")[0m
  [1m[35m (0.1ms)[0m  [1m[32mINSERT INTO "students" ("id","name","created_at","updated_at","courses_id")
                     SELECT "id","name","created_at","updated_at","courses_id" FROM "astudents"[0m
  [1m[35m (0.1ms)[0m  [1m[35mDROP TABLE "astudents"[0m
  [1m[35m (0.1ms)[0m  [1m[35mPRAGMA defer_foreign_keys = 0[0m
  [1m[35m (0.1ms)[0m  [1m[35mPRAGMA foreign_keys = 1[0m
  [1m[35m (0.0ms)[0m  [1m[35mPRAGMA foreign_keys[0m
  [1m[35m (0.2ms)[0m  [1m[35mPRAGMA defer_foreign_keys[0m
  [1m[35m (0.1ms)[0m  [1m[35mPRAGMA defer_foreign_keys = ON[0m
  [1m[35m (0.1ms)[0m  [1m[35mPRAGMA foreign_keys = OFF[0m
  [1m[35m (0.1ms)[0m  [1m[35mCREATE TEMPORARY TABLE "astudents" ("id" integer NOT NULL PRIMARY KEY, "name" varchar DEFAULT NULL, "created_at" datetime(6) NOT NULL, "updated_at" datetime(6) NOT NULL, "courses_id" integer DEFAULT NULL)[0m
  [1m[35m (0.1ms)[0m  [1m[35mCREATE  INDEX "tindex_astudents_on_courses_id" ON "astudents" ("courses_id")[0m
  [1m[35m (0.1ms)[0m  [1m[32mINSERT INTO "astudents" ("id","name","created_at","updated_at","courses_id")
                     SELECT "id","name","created_at","updated_at","courses_id" FROM "students"[0m
  [1m[35m (0.1ms)[0m  [1m[35mDROP TABLE "students"[0m
  [1m[35m (0.1ms)[0m  [1m[35mCREATE TABLE "students" ("id" integer NOT NULL PRIMARY KEY, "name" varchar DEFAULT NULL, "created_at" datetime(6) NOT NULL, "updated_at" datetime(6) NOT NULL)[0m
  [1m[35m (0.1ms)[0m  [1m[32mINSERT INTO "students" ("id","name","created_at","updated_at")
                     SELECT "id","name","created_at","updated_at" FROM "astudents"[0m
  [1m[35m (0.1ms)[0m  [1m[35mDROP TABLE "astudents"[0m
  [1m[35m (0.0ms)[0m  [1m[35mPRAGMA defer_foreign_keys = 0[0m
  [1m[35m (0.0ms)[0m  [1m[35mPRAGMA foreign_keys = 1[0m
  [1m[35m (0.0ms)[0m  [1m[35mPRAGMA foreign_keys[0m
  [1m[35m (0.0ms)[0m  [1m[35mPRAGMA defer_foreign_keys[0m
  [1m[35m (0.1ms)[0m  [1m[35mPRAGMA defer_foreign_keys = ON[0m
  [1m[35m (0.0ms)[0m  [1m[35mPRAGMA foreign_keys = OFF[0m
  [1m[35m (0.1ms)[0m  [1m[35mCREATE TEMPORARY TABLE "acourses" ("id" integer NOT NULL PRIMARY KEY, "name" varchar DEFAULT NULL, "created_at" datetime(6) NOT NULL, "updated_at" datetime(6) NOT NULL, "students_id" integer DEFAULT NULL)[0m
  [1m[35m (0.1ms)[0m  [1m[35mCREATE  INDEX "tindex_acourses_on_students_id" ON "acourses" ("students_id")[0m
  [1m[35m (0.1ms)[0m  [1m[32mINSERT INTO "acourses" ("id","name","created_at","updated_at","students_id")
                     SELECT "id","name","created_at","updated_at","students_id" FROM "courses"[0m
  [1m[35m (0.2ms)[0m  [1m[35mDROP TABLE "courses"[0m
  [1m[35m (0.3ms)[0m  [1m[35mCREATE TABLE "courses" ("id" integer NOT NULL PRIMARY KEY, "name" varchar DEFAULT NULL, "created_at" datetime(6) NOT NULL, "updated_at" datetime(6) NOT NULL, "students_id" integer DEFAULT NULL)[0m
  [1m[35m (0.1ms)[0m  [1m[35mCREATE  INDEX "index_courses_on_students_id" ON "courses" ("students_id")[0m
  [1m[35m (0.1ms)[0m  [1m[32mINSERT INTO "courses" ("id","name","created_at","updated_at","students_id")
                     SELECT "id","name","created_at","updated_at","students_id" FROM "acourses"[0m
  [1m[35m (0.1ms)[0m  [1m[35mDROP TABLE "acourses"[0m
  [1m[35m (0.0ms)[0m  [1m[35mPRAGMA defer_foreign_keys = 0[0m
  [1m[35m (0.0ms)[0m  [1m[35mPRAGMA foreign_keys = 1[0m
  [1m[35m (0.0ms)[0m  [1m[35mPRAGMA foreign_keys[0m
  [1m[35m (0.0ms)[0m  [1m[35mPRAGMA defer_foreign_keys[0m
  [1m[35m (0.1ms)[0m  [1m[35mPRAGMA defer_foreign_keys = ON[0m
  [1m[35m (0.1ms)[0m  [1m[35mPRAGMA foreign_keys = OFF[0m
  [1m[35m (0.8ms)[0m  [1m[35mCREATE TEMPORARY TABLE "acourses" ("id" integer NOT NULL PRIMARY KEY, "name" varchar DEFAULT NULL, "created_at" datetime(6) NOT NULL, "updated_at" datetime(6) NOT NULL, "students_id" integer DEFAULT NULL)[0m
  [1m[35m (0.1ms)[0m  [1m[35mCREATE  INDEX "tindex_acourses_on_students_id" ON "acourses" ("students_id")[0m
  [1m[35m (0.1ms)[0m  [1m[32mINSERT INTO "acourses" ("id","name","created_at","updated_at","students_id")
                     SELECT "id","name","created_at","updated_at","students_id" FROM "courses"[0m
  [1m[35m (0.1ms)[0m  [1m[35mDROP TABLE "courses"[0m
  [1m[35m (0.2ms)[0m  [1m[35mCREATE TABLE "courses" ("id" integer NOT NULL PRIMARY KEY, "name" varchar DEFAULT NULL, "created_at" datetime(6) NOT NULL, "updated_at" datetime(6) NOT NULL)[0m
  [1m[35m (0.1ms)[0m  [1m[32mINSERT INTO "courses" ("id","name","created_at","updated_at")
                     SELECT "id","name","created_at","updated_at" FROM "acourses"[0m
  [1m[35m (0.1ms)[0m  [1m[35mDROP TABLE "acourses"[0m
  [1m[35m (0.0ms)[0m  [1m[35mPRAGMA defer_foreign_keys = 0[0m
  [1m[35m (0.0ms)[0m  [1m[35mPRAGMA foreign_keys = 1[0m
  [1m[36mprimary::SchemaMigration Destroy (0.2ms)[0m  [1m[31mDELETE FROM "schema_migrations" WHERE "schema_migrations"."version" = ?[0m  [["version", "20191208054505"]]
  [1m[35m (14.9ms)[0m  [1m[36mcommit transaction[0m
  [1m[35m (0.1ms)[0m  [1m[34mSELECT sqlite_version(*)[0m
  [1m[35m (0.1ms)[0m  [1m[34mSELECT "schema_migrations"."version" FROM "schema_migrations" ORDER BY "schema_migrations"."version" ASC[0m
  [1m[35m (2.9ms)[0m  [1m[34mSELECT sqlite_version(*)[0m
  [1m[35m (0.2ms)[0m  [1m[34mSELECT "schema_migrations"."version" FROM "schema_migrations" ORDER BY "schema_migrations"."version" ASC[0m
Migrating to AddForeignKeys (20191208054505)
  [1m[35m (0.1ms)[0m  [1m[36mbegin transaction[0m
  [1m[35m (4.3ms)[0m  [1m[35mALTER TABLE "courses" ADD "students_id" integer[0m
  [1m[35m (0.3ms)[0m  [1m[35mCREATE  INDEX "index_courses_on_students_id" ON "courses" ("students_id")[0m
  [1m[35m (0.0ms)[0m  [1m[35mPRAGMA foreign_keys[0m
  [1m[35m (0.1ms)[0m  [1m[35mPRAGMA defer_foreign_keys[0m
  [1m[35m (0.1ms)[0m  [1m[35mPRAGMA defer_foreign_keys = ON[0m
  [1m[35m (0.1ms)[0m  [1m[35mPRAGMA foreign_keys = OFF[0m
  [1m[35m (0.2ms)[0m  [1m[35mCREATE TEMPORARY TABLE "acourses" ("id" integer NOT NULL PRIMARY KEY, "name" varchar DEFAULT NULL, "created_at" datetime(6) NOT NULL, "updated_at" datetime(6) NOT NULL, "students_id" integer DEFAULT NULL)[0m
  [1m[35m (0.1ms)[0m  [1m[35mCREATE  INDEX "tindex_acourses_on_students_id" ON "acourses" ("students_id")[0m
  [1m[35m (0.1ms)[0m  [1m[32mINSERT INTO "acourses" ("id","name","created_at","updated_at","students_id")
                     SELECT "id","name","created_at","updated_at","students_id" FROM "courses"[0m
  [1m[35m (0.1ms)[0m  [1m[35mDROP TABLE "courses"[0m
  [1m[35m (0.1ms)[0m  [1m[35mCREATE TABLE "courses" ("id" integer NOT NULL PRIMARY KEY, "name" varchar DEFAULT NULL, "created_at" datetime(6) NOT NULL, "updated_at" datetime(6) NOT NULL, "students_id" integer DEFAULT NULL, CONSTRAINT "fk_rails_8dd40d7598"
FOREIGN KEY ("students_id")
  REFERENCES "students" ("id")
)[0m
  [1m[35m (0.1ms)[0m  [1m[35mCREATE  INDEX "index_courses_on_students_id" ON "courses" ("students_id")[0m
  [1m[35m (0.1ms)[0m  [1m[32mINSERT INTO "courses" ("id","name","created_at","updated_at","students_id")
                     SELECT "id","name","created_at","updated_at","students_id" FROM "acourses"[0m
  [1m[35m (0.3ms)[0m  [1m[35mDROP TABLE "acourses"[0m
  [1m[35m (0.1ms)[0m  [1m[35mPRAGMA defer_foreign_keys = 0[0m
  [1m[35m (0.1ms)[0m  [1m[35mPRAGMA foreign_keys = 1[0m
  [1m[35m (0.7ms)[0m  [1m[35mALTER TABLE "students" ADD "courses_id" integer[0m
  [1m[35m (0.2ms)[0m  [1m[35mCREATE  INDEX "index_students_on_courses_id" ON "students" ("courses_id")[0m
  [1m[35m (0.0ms)[0m  [1m[35mPRAGMA foreign_keys[0m
  [1m[35m (0.0ms)[0m  [1m[35mPRAGMA defer_foreign_keys[0m
  [1m[35m (0.1ms)[0m  [1m[35mPRAGMA defer_foreign_keys = ON[0m
  [1m[35m (0.1ms)[0m  [1m[35mPRAGMA foreign_keys = OFF[0m
  [1m[35m (0.1ms)[0m  [1m[35mCREATE TEMPORARY TABLE "astudents" ("id" integer NOT NULL PRIMARY KEY, "name" varchar DEFAULT NULL, "created_at" datetime(6) NOT NULL, "updated_at" datetime(6) NOT NULL, "courses_id" integer DEFAULT NULL)[0m
  [1m[35m (0.1ms)[0m  [1m[35mCREATE  INDEX "tindex_astudents_on_courses_id" ON "astudents" ("courses_id")[0m
  [1m[35m (0.1ms)[0m  [1m[32mINSERT INTO "astudents" ("id","name","created_at","updated_at","courses_id")
                     SELECT "id","name","created_at","updated_at","courses_id" FROM "students"[0m
  [1m[35m (0.3ms)[0m  [1m[35mDROP TABLE "students"[0m
  [1m[35m (0.2ms)[0m  [1m[35mCREATE TABLE "students" ("id" integer NOT NULL PRIMARY KEY, "name" varchar DEFAULT NULL, "created_at" datetime(6) NOT NULL, "updated_at" datetime(6) NOT NULL, "courses_id" integer DEFAULT NULL, CONSTRAINT "fk_rails_41d0a5f89b"
FOREIGN KEY ("courses_id")
  REFERENCES "courses" ("id")
)[0m
  [1m[35m (0.1ms)[0m  [1m[35mCREATE  INDEX "index_students_on_courses_id" ON "students" ("courses_id")[0m
  [1m[35m (0.1ms)[0m  [1m[32mINSERT INTO "students" ("id","name","created_at","updated_at","courses_id")
                     SELECT "id","name","created_at","updated_at","courses_id" FROM "astudents"[0m
  [1m[35m (0.1ms)[0m  [1m[35mDROP TABLE "astudents"[0m
  [1m[35m (0.0ms)[0m  [1m[35mPRAGMA defer_foreign_keys = 0[0m
  [1m[35m (0.0ms)[0m  [1m[35mPRAGMA foreign_keys = 1[0m
  [1m[36mprimary::SchemaMigration Create (0.2ms)[0m  [1m[32mINSERT INTO "schema_migrations" ("version") VALUES (?)[0m  [["version", "20191208054505"]]
  [1m[35m (14.6ms)[0m  [1m[36mcommit transaction[0m
  [1m[36mActiveRecord::InternalMetadata Load (0.3ms)[0m  [1m[34mSELECT "ar_internal_metadata".* FROM "ar_internal_metadata" WHERE "ar_internal_metadata"."key" = ? LIMIT ?[0m  [["key", "environment"], ["LIMIT", 1]]
  [1m[35m (0.1ms)[0m  [1m[34mSELECT sqlite_version(*)[0m
  [1m[35m (0.2ms)[0m  [1m[34mSELECT "schema_migrations"."version" FROM "schema_migrations" ORDER BY "schema_migrations"."version" ASC[0m
  [1m[35m (3.3ms)[0m  [1m[34mSELECT sqlite_version(*)[0m
  [1m[35m (0.4ms)[0m  [1m[34mSELECT "schema_migrations"."version" FROM "schema_migrations" ORDER BY "schema_migrations"."version" ASC[0m
  [1m[35m (0.1ms)[0m  [1m[34mSELECT sqlite_version(*)[0m
  [1m[35m (0.0ms)[0m  [1m[36mbegin transaction[0m
  [1m[36mStudent Create (0.5ms)[0m  [1m[32mINSERT INTO "students" ("name", "created_at", "updated_at", "courses_id") VALUES (?, ?, ?, ?)[0m  [["name", "ABBY BOTSFORD"], ["created_at", "2019-12-08 05:50:16.466438"], ["updated_at", "2019-12-08 05:50:16.466438"], ["courses_id", 1]]
  [1m[35m (0.0ms)[0m  [1m[31mrollback transaction[0m
  [1m[35m (3.1ms)[0m  [1m[34mSELECT sqlite_version(*)[0m
  [1m[35m (0.2ms)[0m  [1m[34mSELECT "schema_migrations"."version" FROM "schema_migrations" ORDER BY "schema_migrations"."version" ASC[0m
  [1m[35m (0.1ms)[0m  [1m[34mSELECT "schema_migrations"."version" FROM "schema_migrations" ORDER BY "schema_migrations"."version" ASC[0m
  [1m[35m (0.1ms)[0m  [1m[34mSELECT "schema_migrations"."version" FROM "schema_migrations" ORDER BY "schema_migrations"."version" ASC[0m
  [1m[35m (0.1ms)[0m  [1m[34mSELECT "schema_migrations"."version" FROM "schema_migrations" ORDER BY "schema_migrations"."version" ASC[0m
Migrating to AddForeignKeys (20191208054505)
  [1m[35m (0.1ms)[0m  [1m[36mbegin transaction[0m
  [1m[35m (0.1ms)[0m  [1m[35mPRAGMA foreign_keys[0m
  [1m[35m (0.0ms)[0m  [1m[35mPRAGMA defer_foreign_keys[0m
  [1m[35m (0.0ms)[0m  [1m[35mPRAGMA defer_foreign_keys = ON[0m
  [1m[35m (0.0ms)[0m  [1m[35mPRAGMA foreign_keys = OFF[0m
  [1m[35m (0.2ms)[0m  [1m[35mCREATE TEMPORARY TABLE "astudents" ("id" integer NOT NULL PRIMARY KEY, "name" varchar DEFAULT NULL, "created_at" datetime(6) NOT NULL, "updated_at" datetime(6) NOT NULL, "courses_id" integer DEFAULT NULL)[0m
  [1m[35m (0.2ms)[0m  [1m[35mCREATE  INDEX "tindex_astudents_on_courses_id" ON "astudents" ("courses_id")[0m
  [1m[35m (0.1ms)[0m  [1m[32mINSERT INTO "astudents" ("id","name","created_at","updated_at","courses_id")
                     SELECT "id","name","created_at","updated_at","courses_id" FROM "students"[0m
  [1m[35m (1.2ms)[0m  [1m[35mDROP TABLE "students"[0m
  [1m[35m (0.2ms)[0m  [1m[35mCREATE TABLE "students" ("id" integer NOT NULL PRIMARY KEY, "name" varchar DEFAULT NULL, "created_at" datetime(6) NOT NULL, "updated_at" datetime(6) NOT NULL, "courses_id" integer DEFAULT NULL)[0m
  [1m[35m (0.1ms)[0m  [1m[35mCREATE  INDEX "index_students_on_courses_id" ON "students" ("courses_id")[0m
  [1m[35m (0.1ms)[0m  [1m[32mINSERT INTO "students" ("id","name","created_at","updated_at","courses_id")
                     SELECT "id","name","created_at","updated_at","courses_id" FROM "astudents"[0m
  [1m[35m (0.1ms)[0m  [1m[35mDROP TABLE "astudents"[0m
  [1m[35m (0.0ms)[0m  [1m[35mPRAGMA defer_foreign_keys = 0[0m
  [1m[35m (0.0ms)[0m  [1m[35mPRAGMA foreign_keys = 1[0m
  [1m[35m (0.0ms)[0m  [1m[35mPRAGMA foreign_keys[0m
  [1m[35m (0.1ms)[0m  [1m[35mPRAGMA defer_foreign_keys[0m
  [1m[35m (0.1ms)[0m  [1m[35mPRAGMA defer_foreign_keys = ON[0m
  [1m[35m (0.0ms)[0m  [1m[35mPRAGMA foreign_keys = OFF[0m
  [1m[35m (0.1ms)[0m  [1m[35mCREATE TEMPORARY TABLE "astudents" ("id" integer NOT NULL PRIMARY KEY, "name" varchar DEFAULT NULL, "created_at" datetime(6) NOT NULL, "updated_at" datetime(6) NOT NULL, "courses_id" integer DEFAULT NULL)[0m
  [1m[35m (0.1ms)[0m  [1m[35mCREATE  INDEX "tindex_astudents_on_courses_id" ON "astudents" ("courses_id")[0m
  [1m[35m (0.1ms)[0m  [1m[32mINSERT INTO "astudents" ("id","name","created_at","updated_at","courses_id")
                     SELECT "id","name","created_at","updated_at","courses_id" FROM "students"[0m
  [1m[35m (0.1ms)[0m  [1m[35mDROP TABLE "students"[0m
  [1m[35m (0.1ms)[0m  [1m[35mCREATE TABLE "students" ("id" integer NOT NULL PRIMARY KEY, "name" varchar DEFAULT NULL, "created_at" datetime(6) NOT NULL, "updated_at" datetime(6) NOT NULL)[0m
  [1m[35m (0.1ms)[0m  [1m[32mINSERT INTO "students" ("id","name","created_at","updated_at")
                     SELECT "id","name","created_at","updated_at" FROM "astudents"[0m
  [1m[35m (0.1ms)[0m  [1m[35mDROP TABLE "astudents"[0m
  [1m[35m (0.0ms)[0m  [1m[35mPRAGMA defer_foreign_keys = 0[0m
  [1m[35m (0.0ms)[0m  [1m[35mPRAGMA foreign_keys = 1[0m
  [1m[35m (0.0ms)[0m  [1m[35mPRAGMA foreign_keys[0m
  [1m[35m (0.1ms)[0m  [1m[35mPRAGMA defer_foreign_keys[0m
  [1m[35m (0.1ms)[0m  [1m[35mPRAGMA defer_foreign_keys = ON[0m
  [1m[35m (0.0ms)[0m  [1m[35mPRAGMA foreign_keys = OFF[0m
  [1m[35m (0.1ms)[0m  [1m[35mCREATE TEMPORARY TABLE "acourses" ("id" integer NOT NULL PRIMARY KEY, "name" varchar DEFAULT NULL, "created_at" datetime(6) NOT NULL, "updated_at" datetime(6) NOT NULL, "students_id" integer DEFAULT NULL)[0m
  [1m[35m (0.1ms)[0m  [1m[35mCREATE  INDEX "tindex_acourses_on_students_id" ON "acourses" ("students_id")[0m
  [1m[35m (0.1ms)[0m  [1m[32mINSERT INTO "acourses" ("id","name","created_at","updated_at","students_id")
                     SELECT "id","name","created_at","updated_at","students_id" FROM "courses"[0m
  [1m[35m (0.2ms)[0m  [1m[35mDROP TABLE "courses"[0m
  [1m[35m (0.1ms)[0m  [1m[35mCREATE TABLE "courses" ("id" integer NOT NULL PRIMARY KEY, "name" varchar DEFAULT NULL, "created_at" datetime(6) NOT NULL, "updated_at" datetime(6) NOT NULL, "students_id" integer DEFAULT NULL)[0m
  [1m[35m (0.1ms)[0m  [1m[35mCREATE  INDEX "index_courses_on_students_id" ON "courses" ("students_id")[0m
  [1m[35m (0.1ms)[0m  [1m[32mINSERT INTO "courses" ("id","name","created_at","updated_at","students_id")
                     SELECT "id","name","created_at","updated_at","students_id" FROM "acourses"[0m
  [1m[35m (0.5ms)[0m  [1m[35mDROP TABLE "acourses"[0m
  [1m[35m (0.2ms)[0m  [1m[35mPRAGMA defer_foreign_keys = 0[0m
  [1m[35m (0.0ms)[0m  [1m[35mPRAGMA foreign_keys = 1[0m
  [1m[35m (0.1ms)[0m  [1m[35mPRAGMA foreign_keys[0m
  [1m[35m (0.0ms)[0m  [1m[35mPRAGMA defer_foreign_keys[0m
  [1m[35m (0.0ms)[0m  [1m[35mPRAGMA defer_foreign_keys = ON[0m
  [1m[35m (0.0ms)[0m  [1m[35mPRAGMA foreign_keys = OFF[0m
  [1m[35m (0.2ms)[0m  [1m[35mCREATE TEMPORARY TABLE "acourses" ("id" integer NOT NULL PRIMARY KEY, "name" varchar DEFAULT NULL, "created_at" datetime(6) NOT NULL, "updated_at" datetime(6) NOT NULL, "students_id" integer DEFAULT NULL)[0m
  [1m[35m (0.1ms)[0m  [1m[35mCREATE  INDEX "tindex_acourses_on_students_id" ON "acourses" ("students_id")[0m
  [1m[35m (0.1ms)[0m  [1m[32mINSERT INTO "acourses" ("id","name","created_at","updated_at","students_id")
                     SELECT "id","name","created_at","updated_at","students_id" FROM "courses"[0m
  [1m[35m (0.1ms)[0m  [1m[35mDROP TABLE "courses"[0m
  [1m[35m (0.1ms)[0m  [1m[35mCREATE TABLE "courses" ("id" integer NOT NULL PRIMARY KEY, "name" varchar DEFAULT NULL, "created_at" datetime(6) NOT NULL, "updated_at" datetime(6) NOT NULL)[0m
  [1m[35m (0.1ms)[0m  [1m[32mINSERT INTO "courses" ("id","name","created_at","updated_at")
                     SELECT "id","name","created_at","updated_at" FROM "acourses"[0m
  [1m[35m (0.1ms)[0m  [1m[35mDROP TABLE "acourses"[0m
  [1m[35m (0.0ms)[0m  [1m[35mPRAGMA defer_foreign_keys = 0[0m
  [1m[35m (0.1ms)[0m  [1m[35mPRAGMA foreign_keys = 1[0m
  [1m[36mprimary::SchemaMigration Destroy (0.2ms)[0m  [1m[31mDELETE FROM "schema_migrations" WHERE "schema_migrations"."version" = ?[0m  [["version", "20191208054505"]]
  [1m[35m (14.1ms)[0m  [1m[36mcommit transaction[0m
  [1m[35m (0.1ms)[0m  [1m[34mSELECT sqlite_version(*)[0m
  [1m[35m (0.4ms)[0m  [1m[34mSELECT "schema_migrations"."version" FROM "schema_migrations" ORDER BY "schema_migrations"."version" ASC[0m
  [1m[35m (7.3ms)[0m  [1m[34mSELECT sqlite_version(*)[0m
  [1m[35m (0.3ms)[0m  [1m[34mSELECT "schema_migrations"."version" FROM "schema_migrations" ORDER BY "schema_migrations"."version" ASC[0m
Migrating to AddForeignKeys (20191208054505)
  [1m[35m (0.1ms)[0m  [1m[36mbegin transaction[0m
  [1m[35m (5.2ms)[0m  [1m[35mALTER TABLE "courses" ADD "students_id" integer[0m
  [1m[35m (0.3ms)[0m  [1m[35mCREATE  INDEX "index_courses_on_students_id" ON "courses" ("students_id")[0m
  [1m[35m (0.0ms)[0m  [1m[35mPRAGMA foreign_keys[0m
  [1m[35m (0.1ms)[0m  [1m[35mPRAGMA defer_foreign_keys[0m
  [1m[35m (0.1ms)[0m  [1m[35mPRAGMA defer_foreign_keys = ON[0m
  [1m[35m (0.0ms)[0m  [1m[35mPRAGMA foreign_keys = OFF[0m
  [1m[35m (0.2ms)[0m  [1m[35mCREATE TEMPORARY TABLE "acourses" ("id" integer NOT NULL PRIMARY KEY, "name" varchar DEFAULT NULL, "created_at" datetime(6) NOT NULL, "updated_at" datetime(6) NOT NULL, "students_id" integer DEFAULT NULL)[0m
  [1m[35m (0.1ms)[0m  [1m[35mCREATE  INDEX "tindex_acourses_on_students_id" ON "acourses" ("students_id")[0m
  [1m[35m (0.1ms)[0m  [1m[32mINSERT INTO "acourses" ("id","name","created_at","updated_at","students_id")
                     SELECT "id","name","created_at","updated_at","students_id" FROM "courses"[0m
  [1m[35m (0.2ms)[0m  [1m[35mDROP TABLE "courses"[0m
  [1m[35m (0.2ms)[0m  [1m[35mCREATE TABLE "courses" ("id" integer NOT NULL PRIMARY KEY, "name" varchar DEFAULT NULL, "created_at" datetime(6) NOT NULL, "updated_at" datetime(6) NOT NULL, "students_id" integer DEFAULT NULL, CONSTRAINT "fk_rails_8dd40d7598"
FOREIGN KEY ("students_id")
  REFERENCES "students" ("id")
)[0m
  [1m[35m (0.1ms)[0m  [1m[35mCREATE  INDEX "index_courses_on_students_id" ON "courses" ("students_id")[0m
  [1m[35m (0.1ms)[0m  [1m[32mINSERT INTO "courses" ("id","name","created_at","updated_at","students_id")
                     SELECT "id","name","created_at","updated_at","students_id" FROM "acourses"[0m
  [1m[35m (0.1ms)[0m  [1m[35mDROP TABLE "acourses"[0m
  [1m[35m (0.0ms)[0m  [1m[35mPRAGMA defer_foreign_keys = 0[0m
  [1m[35m (0.0ms)[0m  [1m[35mPRAGMA foreign_keys = 1[0m
  [1m[36mprimary::SchemaMigration Create (0.3ms)[0m  [1m[32mINSERT INTO "schema_migrations" ("version") VALUES (?)[0m  [["version", "20191208054505"]]
  [1m[35m (13.9ms)[0m  [1m[36mcommit transaction[0m
  [1m[36mActiveRecord::InternalMetadata Load (0.4ms)[0m  [1m[34mSELECT "ar_internal_metadata".* FROM "ar_internal_metadata" WHERE "ar_internal_metadata"."key" = ? LIMIT ?[0m  [["key", "environment"], ["LIMIT", 1]]
  [1m[35m (0.1ms)[0m  [1m[34mSELECT sqlite_version(*)[0m
  [1m[35m (0.3ms)[0m  [1m[34mSELECT "schema_migrations"."version" FROM "schema_migrations" ORDER BY "schema_migrations"."version" ASC[0m
  [1m[35m (3.0ms)[0m  [1m[34mSELECT sqlite_version(*)[0m
  [1m[35m (0.2ms)[0m  [1m[34mSELECT "schema_migrations"."version" FROM "schema_migrations" ORDER BY "schema_migrations"."version" ASC[0m
  [1m[35m (0.1ms)[0m  [1m[34mSELECT sqlite_version(*)[0m
  [1m[35m (3.0ms)[0m  [1m[34mSELECT sqlite_version(*)[0m
  [1m[35m (0.2ms)[0m  [1m[34mSELECT "schema_migrations"."version" FROM "schema_migrations" ORDER BY "schema_migrations"."version" ASC[0m
  [1m[35m (0.1ms)[0m  [1m[34mSELECT "schema_migrations"."version" FROM "schema_migrations" ORDER BY "schema_migrations"."version" ASC[0m
  [1m[35m (0.1ms)[0m  [1m[34mSELECT "schema_migrations"."version" FROM "schema_migrations" ORDER BY "schema_migrations"."version" ASC[0m
  [1m[35m (0.1ms)[0m  [1m[34mSELECT "schema_migrations"."version" FROM "schema_migrations" ORDER BY "schema_migrations"."version" ASC[0m
Migrating to AddForeignKeys (20191208054505)
  [1m[35m (0.1ms)[0m  [1m[36mbegin transaction[0m
  [1m[35m (0.0ms)[0m  [1m[35mPRAGMA foreign_keys[0m
  [1m[35m (0.0ms)[0m  [1m[35mPRAGMA defer_foreign_keys[0m
  [1m[35m (0.0ms)[0m  [1m[35mPRAGMA defer_foreign_keys = ON[0m
  [1m[35m (0.0ms)[0m  [1m[35mPRAGMA foreign_keys = OFF[0m
  [1m[35m (0.2ms)[0m  [1m[35mCREATE TEMPORARY TABLE "acourses" ("id" integer NOT NULL PRIMARY KEY, "name" varchar DEFAULT NULL, "created_at" datetime(6) NOT NULL, "updated_at" datetime(6) NOT NULL, "students_id" integer DEFAULT NULL)[0m
  [1m[35m (0.1ms)[0m  [1m[35mCREATE  INDEX "tindex_acourses_on_students_id" ON "acourses" ("students_id")[0m
  [1m[35m (0.1ms)[0m  [1m[32mINSERT INTO "acourses" ("id","name","created_at","updated_at","students_id")
                     SELECT "id","name","created_at","updated_at","students_id" FROM "courses"[0m
  [1m[35m (3.7ms)[0m  [1m[35mDROP TABLE "courses"[0m
  [1m[35m (0.2ms)[0m  [1m[35mCREATE TABLE "courses" ("id" integer NOT NULL PRIMARY KEY, "name" varchar DEFAULT NULL, "created_at" datetime(6) NOT NULL, "updated_at" datetime(6) NOT NULL, "students_id" integer DEFAULT NULL)[0m
  [1m[35m (0.2ms)[0m  [1m[35mCREATE  INDEX "index_courses_on_students_id" ON "courses" ("students_id")[0m
  [1m[35m (0.1ms)[0m  [1m[32mINSERT INTO "courses" ("id","name","created_at","updated_at","students_id")
                     SELECT "id","name","created_at","updated_at","students_id" FROM "acourses"[0m
  [1m[35m (0.2ms)[0m  [1m[35mDROP TABLE "acourses"[0m
  [1m[35m (0.1ms)[0m  [1m[35mPRAGMA defer_foreign_keys = 0[0m
  [1m[35m (0.1ms)[0m  [1m[35mPRAGMA foreign_keys = 1[0m
  [1m[35m (0.0ms)[0m  [1m[35mPRAGMA foreign_keys[0m
  [1m[35m (0.0ms)[0m  [1m[35mPRAGMA defer_foreign_keys[0m
  [1m[35m (0.0ms)[0m  [1m[35mPRAGMA defer_foreign_keys = ON[0m
  [1m[35m (0.0ms)[0m  [1m[35mPRAGMA foreign_keys = OFF[0m
  [1m[35m (0.1ms)[0m  [1m[35mCREATE TEMPORARY TABLE "acourses" ("id" integer NOT NULL PRIMARY KEY, "name" varchar DEFAULT NULL, "created_at" datetime(6) NOT NULL, "updated_at" datetime(6) NOT NULL, "students_id" integer DEFAULT NULL)[0m
  [1m[35m (0.1ms)[0m  [1m[35mCREATE  INDEX "tindex_acourses_on_students_id" ON "acourses" ("students_id")[0m
  [1m[35m (0.1ms)[0m  [1m[32mINSERT INTO "acourses" ("id","name","created_at","updated_at","students_id")
                     SELECT "id","name","created_at","updated_at","students_id" FROM "courses"[0m
  [1m[35m (0.1ms)[0m  [1m[35mDROP TABLE "courses"[0m
  [1m[35m (0.3ms)[0m  [1m[35mCREATE TABLE "courses" ("id" integer NOT NULL PRIMARY KEY, "name" varchar DEFAULT NULL, "created_at" datetime(6) NOT NULL, "updated_at" datetime(6) NOT NULL)[0m
  [1m[35m (0.1ms)[0m  [1m[32mINSERT INTO "courses" ("id","name","created_at","updated_at")
                     SELECT "id","name","created_at","updated_at" FROM "acourses"[0m
  [1m[35m (0.1ms)[0m  [1m[35mDROP TABLE "acourses"[0m
  [1m[35m (0.1ms)[0m  [1m[35mPRAGMA defer_foreign_keys = 0[0m
  [1m[35m (0.0ms)[0m  [1m[35mPRAGMA foreign_keys = 1[0m
  [1m[36mprimary::SchemaMigration Destroy (0.2ms)[0m  [1m[31mDELETE FROM "schema_migrations" WHERE "schema_migrations"."version" = ?[0m  [["version", "20191208054505"]]
  [1m[35m (13.3ms)[0m  [1m[36mcommit transaction[0m
Migrating to CreateCourses (20191208053945)
  [1m[35m (0.1ms)[0m  [1m[36mbegin transaction[0m
  [1m[35m (1.1ms)[0m  [1m[35mDROP TABLE "courses"[0m
  [1m[36mprimary::SchemaMigration Destroy (0.2ms)[0m  [1m[31mDELETE FROM "schema_migrations" WHERE "schema_migrations"."version" = ?[0m  [["version", "20191208053945"]]
  [1m[35m (13.1ms)[0m  [1m[36mcommit transaction[0m
Migrating to CreateStudents (20191208053926)
  [1m[35m (0.1ms)[0m  [1m[36mbegin transaction[0m
  [1m[35m (1.0ms)[0m  [1m[35mDROP TABLE "students"[0m
  [1m[36mprimary::SchemaMigration Destroy (0.4ms)[0m  [1m[31mDELETE FROM "schema_migrations" WHERE "schema_migrations"."version" = ?[0m  [["version", "20191208053926"]]
  [1m[35m (15.9ms)[0m  [1m[36mcommit transaction[0m
  [1m[35m (0.1ms)[0m  [1m[34mSELECT sqlite_version(*)[0m
  [1m[35m (0.2ms)[0m  [1m[34mSELECT "schema_migrations"."version" FROM "schema_migrations" ORDER BY "schema_migrations"."version" ASC[0m
  [1m[35m (2.9ms)[0m  [1m[34mSELECT sqlite_version(*)[0m
  [1m[35m (0.2ms)[0m  [1m[34mSELECT "schema_migrations"."version" FROM "schema_migrations" ORDER BY "schema_migrations"."version" ASC[0m
Migrating to CreateStudents (20191208053926)
  [1m[35m (0.1ms)[0m  [1m[36mbegin transaction[0m
  [1m[35m (5.0ms)[0m  [1m[35mCREATE TABLE "students" ("id" integer PRIMARY KEY AUTOINCREMENT NOT NULL, "student_name" varchar, "created_at" datetime(6) NOT NULL, "updated_at" datetime(6) NOT NULL)[0m
  [1m[36mprimary::SchemaMigration Create (0.2ms)[0m  [1m[32mINSERT INTO "schema_migrations" ("version") VALUES (?)[0m  [["version", "20191208053926"]]
  [1m[35m (15.4ms)[0m  [1m[36mcommit transaction[0m
Migrating to CreateCourses (20191208053945)
  [1m[35m (0.1ms)[0m  [1m[36mbegin transaction[0m
  [1m[35m (1.6ms)[0m  [1m[35mCREATE TABLE "courses" ("id" integer PRIMARY KEY AUTOINCREMENT NOT NULL, "course_name" varchar, "created_at" datetime(6) NOT NULL, "updated_at" datetime(6) NOT NULL)[0m
  [1m[36mprimary::SchemaMigration Create (0.4ms)[0m  [1m[32mINSERT INTO "schema_migrations" ("version") VALUES (?)[0m  [["version", "20191208053945"]]
  [1m[35m (14.4ms)[0m  [1m[36mcommit transaction[0m
  [1m[36mActiveRecord::InternalMetadata Load (0.3ms)[0m  [1m[34mSELECT "ar_internal_metadata".* FROM "ar_internal_metadata" WHERE "ar_internal_metadata"."key" = ? LIMIT ?[0m  [["key", "environment"], ["LIMIT", 1]]
  [1m[35m (0.1ms)[0m  [1m[34mSELECT sqlite_version(*)[0m
  [1m[35m (0.2ms)[0m  [1m[34mSELECT "schema_migrations"."version" FROM "schema_migrations" ORDER BY "schema_migrations"."version" ASC[0m
  [1m[35m (3.1ms)[0m  [1m[34mSELECT sqlite_version(*)[0m
  [1m[35m (0.2ms)[0m  [1m[34mSELECT "schema_migrations"."version" FROM "schema_migrations" ORDER BY "schema_migrations"."version" ASC[0m
Migrating to AddForeignKeyToCourse (20191208055539)
  [1m[35m (0.1ms)[0m  [1m[36mbegin transaction[0m
  [1m[35m (0.0ms)[0m  [1m[35mPRAGMA foreign_keys[0m
  [1m[35m (0.1ms)[0m  [1m[35mPRAGMA defer_foreign_keys[0m
  [1m[35m (0.2ms)[0m  [1m[35mPRAGMA defer_foreign_keys = ON[0m
  [1m[35m (0.1ms)[0m  [1m[35mPRAGMA foreign_keys = OFF[0m
  [1m[35m (0.2ms)[0m  [1m[35mCREATE TEMPORARY TABLE "acourses" ("id" integer NOT NULL PRIMARY KEY, "course_name" varchar DEFAULT NULL, "created_at" datetime(6) NOT NULL, "updated_at" datetime(6) NOT NULL)[0m
  [1m[35m (0.1ms)[0m  [1m[32mINSERT INTO "acourses" ("id","course_name","created_at","updated_at")
                     SELECT "id","course_name","created_at","updated_at" FROM "courses"[0m
  [1m[35m (4.4ms)[0m  [1m[35mDROP TABLE "courses"[0m
  [1m[35m (0.2ms)[0m  [1m[35mCREATE TABLE "courses" ("id" integer NOT NULL PRIMARY KEY, "course_name" varchar DEFAULT NULL, "created_at" datetime(6) NOT NULL, "updated_at" datetime(6) NOT NULL, CONSTRAINT "fk_rails_0130ceaf3b"
FOREIGN KEY ("id")
  REFERENCES "students" ("id")
)[0m
  [1m[35m (0.1ms)[0m  [1m[32mINSERT INTO "courses" ("id","course_name","created_at","updated_at")
                     SELECT "id","course_name","created_at","updated_at" FROM "acourses"[0m
  [1m[35m (0.1ms)[0m  [1m[35mDROP TABLE "acourses"[0m
  [1m[35m (0.0ms)[0m  [1m[35mPRAGMA defer_foreign_keys = 0[0m
  [1m[35m (0.0ms)[0m  [1m[35mPRAGMA foreign_keys = 1[0m
  [1m[36mprimary::SchemaMigration Create (0.2ms)[0m  [1m[32mINSERT INTO "schema_migrations" ("version") VALUES (?)[0m  [["version", "20191208055539"]]
  [1m[35m (14.3ms)[0m  [1m[36mcommit transaction[0m
  [1m[36mActiveRecord::InternalMetadata Load (0.4ms)[0m  [1m[34mSELECT "ar_internal_metadata".* FROM "ar_internal_metadata" WHERE "ar_internal_metadata"."key" = ? LIMIT ?[0m  [["key", "environment"], ["LIMIT", 1]]
  [1m[35m (0.1ms)[0m  [1m[34mSELECT sqlite_version(*)[0m
  [1m[35m (0.2ms)[0m  [1m[34mSELECT "schema_migrations"."version" FROM "schema_migrations" ORDER BY "schema_migrations"."version" ASC[0m
  [1m[35m (2.9ms)[0m  [1m[34mSELECT sqlite_version(*)[0m
  [1m[35m (0.2ms)[0m  [1m[34mSELECT "schema_migrations"."version" FROM "schema_migrations" ORDER BY "schema_migrations"."version" ASC[0m
  [1m[35m (0.1ms)[0m  [1m[34mSELECT "schema_migrations"."version" FROM "schema_migrations" ORDER BY "schema_migrations"."version" ASC[0m
  [1m[35m (0.1ms)[0m  [1m[34mSELECT "schema_migrations"."version" FROM "schema_migrations" ORDER BY "schema_migrations"."version" ASC[0m
  [1m[35m (0.1ms)[0m  [1m[34mSELECT "schema_migrations"."version" FROM "schema_migrations" ORDER BY "schema_migrations"."version" ASC[0m
Migrating to AddForeignKeyToCourse (20191208055539)
  [1m[35m (0.1ms)[0m  [1m[36mbegin transaction[0m
  [1m[35m (0.0ms)[0m  [1m[35mPRAGMA foreign_keys[0m
  [1m[35m (0.0ms)[0m  [1m[35mPRAGMA defer_foreign_keys[0m
  [1m[35m (0.1ms)[0m  [1m[35mPRAGMA defer_foreign_keys = ON[0m
  [1m[35m (0.0ms)[0m  [1m[35mPRAGMA foreign_keys = OFF[0m
  [1m[35m (0.2ms)[0m  [1m[35mCREATE TEMPORARY TABLE "acourses" ("id" integer NOT NULL PRIMARY KEY, "course_name" varchar DEFAULT NULL, "created_at" datetime(6) NOT NULL, "updated_at" datetime(6) NOT NULL)[0m
  [1m[35m (0.1ms)[0m  [1m[32mINSERT INTO "acourses" ("id","course_name","created_at","updated_at")
                     SELECT "id","course_name","created_at","updated_at" FROM "courses"[0m
  [1m[35m (4.1ms)[0m  [1m[35mDROP TABLE "courses"[0m
  [1m[35m (0.1ms)[0m  [1m[35mCREATE TABLE "courses" ("id" integer NOT NULL PRIMARY KEY, "course_name" varchar DEFAULT NULL, "created_at" datetime(6) NOT NULL, "updated_at" datetime(6) NOT NULL)[0m
  [1m[35m (0.1ms)[0m  [1m[32mINSERT INTO "courses" ("id","course_name","created_at","updated_at")
                     SELECT "id","course_name","created_at","updated_at" FROM "acourses"[0m
  [1m[35m (0.1ms)[0m  [1m[35mDROP TABLE "acourses"[0m
  [1m[35m (0.0ms)[0m  [1m[35mPRAGMA defer_foreign_keys = 0[0m
  [1m[35m (0.1ms)[0m  [1m[35mPRAGMA foreign_keys = 1[0m
  [1m[36mprimary::SchemaMigration Destroy (0.3ms)[0m  [1m[31mDELETE FROM "schema_migrations" WHERE "schema_migrations"."version" = ?[0m  [["version", "20191208055539"]]
  [1m[35m (14.0ms)[0m  [1m[36mcommit transaction[0m
  [1m[35m (0.1ms)[0m  [1m[34mSELECT sqlite_version(*)[0m
  [1m[35m (0.2ms)[0m  [1m[34mSELECT "schema_migrations"."version" FROM "schema_migrations" ORDER BY "schema_migrations"."version" ASC[0m
  [1m[35m (3.0ms)[0m  [1m[34mSELECT sqlite_version(*)[0m
  [1m[35m (0.3ms)[0m  [1m[34mSELECT "schema_migrations"."version" FROM "schema_migrations" ORDER BY "schema_migrations"."version" ASC[0m
Migrating to AddForeignKeyToCourse (20191208055539)
  [1m[35m (0.1ms)[0m  [1m[36mbegin transaction[0m
  [1m[35m (0.1ms)[0m  [1m[35mPRAGMA foreign_keys[0m
  [1m[35m (0.0ms)[0m  [1m[35mPRAGMA defer_foreign_keys[0m
  [1m[35m (0.0ms)[0m  [1m[35mPRAGMA defer_foreign_keys = ON[0m
  [1m[35m (0.0ms)[0m  [1m[35mPRAGMA foreign_keys = OFF[0m
  [1m[35m (0.2ms)[0m  [1m[35mCREATE TEMPORARY TABLE "acourses" ("id" integer NOT NULL PRIMARY KEY, "course_name" varchar DEFAULT NULL, "created_at" datetime(6) NOT NULL, "updated_at" datetime(6) NOT NULL)[0m
  [1m[35m (0.1ms)[0m  [1m[32mINSERT INTO "acourses" ("id","course_name","created_at","updated_at")
                     SELECT "id","course_name","created_at","updated_at" FROM "courses"[0m
  [1m[35m (3.7ms)[0m  [1m[35mDROP TABLE "courses"[0m
  [1m[35m (0.4ms)[0m  [1m[35mCREATE TABLE "courses" ("id" integer NOT NULL PRIMARY KEY, "course_name" varchar DEFAULT NULL, "created_at" datetime(6) NOT NULL, "updated_at" datetime(6) NOT NULL, CONSTRAINT "fk_rails_06d459a540"
FOREIGN KEY ("student_id")
  REFERENCES "students" ("id")
)[0m
  [1m[35m (0.0ms)[0m  [1m[35mPRAGMA defer_foreign_keys = 0[0m
  [1m[35m (0.0ms)[0m  [1m[35mPRAGMA foreign_keys = 1[0m
  [1m[35m (6.7ms)[0m  [1m[31mrollback transaction[0m
  [1m[35m (2.9ms)[0m  [1m[34mSELECT sqlite_version(*)[0m
  [1m[35m (0.3ms)[0m  [1m[34mSELECT "schema_migrations"."version" FROM "schema_migrations" ORDER BY "schema_migrations"."version" ASC[0m
  [1m[35m (0.1ms)[0m  [1m[34mSELECT "schema_migrations"."version" FROM "schema_migrations" ORDER BY "schema_migrations"."version" ASC[0m
  [1m[35m (0.1ms)[0m  [1m[34mSELECT "schema_migrations"."version" FROM "schema_migrations" ORDER BY "schema_migrations"."version" ASC[0m
  [1m[35m (0.1ms)[0m  [1m[34mSELECT "schema_migrations"."version" FROM "schema_migrations" ORDER BY "schema_migrations"."version" ASC[0m
Migrating to CreateCourses (20191208053945)
  [1m[35m (0.1ms)[0m  [1m[36mbegin transaction[0m
  [1m[35m (4.4ms)[0m  [1m[35mDROP TABLE "courses"[0m
  [1m[36mprimary::SchemaMigration Destroy (0.3ms)[0m  [1m[31mDELETE FROM "schema_migrations" WHERE "schema_migrations"."version" = ?[0m  [["version", "20191208053945"]]
  [1m[35m (12.4ms)[0m  [1m[36mcommit transaction[0m
  [1m[35m (0.1ms)[0m  [1m[34mSELECT sqlite_version(*)[0m
  [1m[35m (0.2ms)[0m  [1m[34mSELECT "schema_migrations"."version" FROM "schema_migrations" ORDER BY "schema_migrations"."version" ASC[0m
  [1m[35m (3.0ms)[0m  [1m[34mSELECT sqlite_version(*)[0m
  [1m[35m (0.2ms)[0m  [1m[34mSELECT "schema_migrations"."version" FROM "schema_migrations" ORDER BY "schema_migrations"."version" ASC[0m
Migrating to CreateCourses (20191208053945)
  [1m[35m (0.1ms)[0m  [1m[36mbegin transaction[0m
  [1m[35m (4.3ms)[0m  [1m[35mCREATE TABLE "courses" ("id" integer PRIMARY KEY AUTOINCREMENT NOT NULL, "course_name" varchar, "created_at" datetime(6) NOT NULL, "updated_at" datetime(6) NOT NULL)[0m
  [1m[36mprimary::SchemaMigration Create (0.2ms)[0m  [1m[32mINSERT INTO "schema_migrations" ("version") VALUES (?)[0m  [["version", "20191208053945"]]
  [1m[35m (11.9ms)[0m  [1m[36mcommit transaction[0m
  [1m[36mActiveRecord::InternalMetadata Load (0.3ms)[0m  [1m[34mSELECT "ar_internal_metadata".* FROM "ar_internal_metadata" WHERE "ar_internal_metadata"."key" = ? LIMIT ?[0m  [["key", "environment"], ["LIMIT", 1]]
  [1m[35m (0.2ms)[0m  [1m[34mSELECT sqlite_version(*)[0m
  [1m[35m (0.1ms)[0m  [1m[34mSELECT "schema_migrations"."version" FROM "schema_migrations" ORDER BY "schema_migrations"."version" ASC[0m
  [1m[35m (2.9ms)[0m  [1m[34mSELECT sqlite_version(*)[0m
  [1m[35m (0.2ms)[0m  [1m[34mSELECT "schema_migrations"."version" FROM "schema_migrations" ORDER BY "schema_migrations"."version" ASC[0m
Migrating to AddForeignKeyToCourse (20191208055908)
  [1m[35m (0.1ms)[0m  [1m[36mbegin transaction[0m
  [1m[35m (0.0ms)[0m  [1m[35mPRAGMA foreign_keys[0m
  [1m[35m (0.0ms)[0m  [1m[35mPRAGMA defer_foreign_keys[0m
  [1m[35m (0.0ms)[0m  [1m[35mPRAGMA defer_foreign_keys = ON[0m
  [1m[35m (0.0ms)[0m  [1m[35mPRAGMA foreign_keys = OFF[0m
  [1m[35m (0.2ms)[0m  [1m[35mCREATE TEMPORARY TABLE "acourses" ("id" integer NOT NULL PRIMARY KEY, "course_name" varchar DEFAULT NULL, "created_at" datetime(6) NOT NULL, "updated_at" datetime(6) NOT NULL)[0m
  [1m[35m (0.1ms)[0m  [1m[32mINSERT INTO "acourses" ("id","course_name","created_at","updated_at")
                     SELECT "id","course_name","created_at","updated_at" FROM "courses"[0m
  [1m[35m (4.3ms)[0m  [1m[35mDROP TABLE "courses"[0m
  [1m[35m (0.3ms)[0m  [1m[35mCREATE TABLE "courses" ("id" integer NOT NULL PRIMARY KEY, "course_name" varchar DEFAULT NULL, "created_at" datetime(6) NOT NULL, "updated_at" datetime(6) NOT NULL, CONSTRAINT "fk_rails_06d459a540"
FOREIGN KEY ("student_id")
  REFERENCES "students" ("id")
)[0m
  [1m[35m (0.0ms)[0m  [1m[35mPRAGMA defer_foreign_keys = 0[0m
  [1m[35m (0.0ms)[0m  [1m[35mPRAGMA foreign_keys = 1[0m
  [1m[35m (8.7ms)[0m  [1m[31mrollback transaction[0m
  [1m[35m (2.9ms)[0m  [1m[34mSELECT sqlite_version(*)[0m
  [1m[35m (0.3ms)[0m  [1m[34mSELECT "schema_migrations"."version" FROM "schema_migrations" ORDER BY "schema_migrations"."version" ASC[0m
Migrating to AddForeignKeyToCourse (20191208055908)
  [1m[35m (0.1ms)[0m  [1m[36mbegin transaction[0m
  [1m[35m (0.1ms)[0m  [1m[35mPRAGMA foreign_keys[0m
  [1m[35m (0.1ms)[0m  [1m[35mPRAGMA defer_foreign_keys[0m
  [1m[35m (0.1ms)[0m  [1m[35mPRAGMA defer_foreign_keys = ON[0m
  [1m[35m (0.1ms)[0m  [1m[35mPRAGMA foreign_keys = OFF[0m
  [1m[35m (0.2ms)[0m  [1m[35mCREATE TEMPORARY TABLE "acourses" ("id" integer NOT NULL PRIMARY KEY, "course_name" varchar DEFAULT NULL, "created_at" datetime(6) NOT NULL, "updated_at" datetime(6) NOT NULL)[0m
  [1m[35m (0.1ms)[0m  [1m[32mINSERT INTO "acourses" ("id","course_name","created_at","updated_at")
                     SELECT "id","course_name","created_at","updated_at" FROM "courses"[0m
  [1m[35m (4.7ms)[0m  [1m[35mDROP TABLE "courses"[0m
  [1m[35m (0.3ms)[0m  [1m[35mCREATE TABLE "courses" ("id" integer NOT NULL PRIMARY KEY, "course_name" varchar DEFAULT NULL, "created_at" datetime(6) NOT NULL, "updated_at" datetime(6) NOT NULL, CONSTRAINT "fk_rails_06d459a540"
FOREIGN KEY ("student_id")
  REFERENCES "students" ("id")
)[0m
  [1m[35m (0.0ms)[0m  [1m[35mPRAGMA defer_foreign_keys = 0[0m
  [1m[35m (0.0ms)[0m  [1m[35mPRAGMA foreign_keys = 1[0m
  [1m[35m (6.0ms)[0m  [1m[31mrollback transaction[0m
  [1m[35m (3.0ms)[0m  [1m[34mSELECT sqlite_version(*)[0m
  [1m[35m (0.2ms)[0m  [1m[34mSELECT "schema_migrations"."version" FROM "schema_migrations" ORDER BY "schema_migrations"."version" ASC[0m
  [1m[35m (0.1ms)[0m  [1m[34mSELECT "schema_migrations"."version" FROM "schema_migrations" ORDER BY "schema_migrations"."version" ASC[0m
  [1m[35m (0.1ms)[0m  [1m[34mSELECT "schema_migrations"."version" FROM "schema_migrations" ORDER BY "schema_migrations"."version" ASC[0m
  [1m[35m (0.1ms)[0m  [1m[34mSELECT "schema_migrations"."version" FROM "schema_migrations" ORDER BY "schema_migrations"."version" ASC[0m
Migrating to CreateCourses (20191208053945)
  [1m[35m (0.1ms)[0m  [1m[36mbegin transaction[0m
  [1m[35m (28.5ms)[0m  [1m[35mDROP TABLE "courses"[0m
  [1m[36mprimary::SchemaMigration Destroy (0.3ms)[0m  [1m[31mDELETE FROM "schema_migrations" WHERE "schema_migrations"."version" = ?[0m  [["version", "20191208053945"]]
  [1m[35m (12.8ms)[0m  [1m[36mcommit transaction[0m
  [1m[35m (0.1ms)[0m  [1m[34mSELECT sqlite_version(*)[0m
  [1m[35m (0.1ms)[0m  [1m[34mSELECT "schema_migrations"."version" FROM "schema_migrations" ORDER BY "schema_migrations"."version" ASC[0m
  [1m[35m (2.9ms)[0m  [1m[34mSELECT sqlite_version(*)[0m
  [1m[35m (0.2ms)[0m  [1m[34mSELECT "schema_migrations"."version" FROM "schema_migrations" ORDER BY "schema_migrations"."version" ASC[0m
Migrating to CreateCourses (20191208053945)
  [1m[35m (0.1ms)[0m  [1m[36mbegin transaction[0m
  [1m[35m (4.7ms)[0m  [1m[35mCREATE TABLE "courses" ("id" integer PRIMARY KEY AUTOINCREMENT NOT NULL, "course_name" varchar, "students_id" integer, "created_at" datetime(6) NOT NULL, "updated_at" datetime(6) NOT NULL)[0m
  [1m[36mprimary::SchemaMigration Create (0.3ms)[0m  [1m[32mINSERT INTO "schema_migrations" ("version") VALUES (?)[0m  [["version", "20191208053945"]]
  [1m[35m (12.7ms)[0m  [1m[36mcommit transaction[0m
  [1m[36mActiveRecord::InternalMetadata Load (0.3ms)[0m  [1m[34mSELECT "ar_internal_metadata".* FROM "ar_internal_metadata" WHERE "ar_internal_metadata"."key" = ? LIMIT ?[0m  [["key", "environment"], ["LIMIT", 1]]
  [1m[35m (0.1ms)[0m  [1m[34mSELECT sqlite_version(*)[0m
  [1m[35m (0.1ms)[0m  [1m[34mSELECT "schema_migrations"."version" FROM "schema_migrations" ORDER BY "schema_migrations"."version" ASC[0m
  [1m[35m (3.0ms)[0m  [1m[34mSELECT sqlite_version(*)[0m
  [1m[35m (0.2ms)[0m  [1m[34mSELECT "schema_migrations"."version" FROM "schema_migrations" ORDER BY "schema_migrations"."version" ASC[0m
  [1m[35m (0.1ms)[0m  [1m[34mSELECT "schema_migrations"."version" FROM "schema_migrations" ORDER BY "schema_migrations"."version" ASC[0m
  [1m[35m (0.1ms)[0m  [1m[34mSELECT "schema_migrations"."version" FROM "schema_migrations" ORDER BY "schema_migrations"."version" ASC[0m
  [1m[35m (0.1ms)[0m  [1m[34mSELECT "schema_migrations"."version" FROM "schema_migrations" ORDER BY "schema_migrations"."version" ASC[0m
Migrating to CreateCourses (20191208053945)
  [1m[35m (0.1ms)[0m  [1m[36mbegin transaction[0m
  [1m[35m (3.9ms)[0m  [1m[35mDROP TABLE "courses"[0m
  [1m[36mprimary::SchemaMigration Destroy (0.2ms)[0m  [1m[31mDELETE FROM "schema_migrations" WHERE "schema_migrations"."version" = ?[0m  [["version", "20191208053945"]]
  [1m[35m (13.9ms)[0m  [1m[36mcommit transaction[0m
Migrating to CreateStudents (20191208053926)
  [1m[35m (0.1ms)[0m  [1m[36mbegin transaction[0m
  [1m[35m (1.0ms)[0m  [1m[35mDROP TABLE "students"[0m
  [1m[36mprimary::SchemaMigration Destroy (0.3ms)[0m  [1m[31mDELETE FROM "schema_migrations" WHERE "schema_migrations"."version" = ?[0m  [["version", "20191208053926"]]
  [1m[35m (14.7ms)[0m  [1m[36mcommit transaction[0m
  [1m[35m (0.1ms)[0m  [1m[34mSELECT sqlite_version(*)[0m
  [1m[35m (0.3ms)[0m  [1m[34mSELECT "schema_migrations"."version" FROM "schema_migrations" ORDER BY "schema_migrations"."version" ASC[0m
  [1m[35m (3.0ms)[0m  [1m[34mSELECT sqlite_version(*)[0m
  [1m[35m (0.2ms)[0m  [1m[34mSELECT "schema_migrations"."version" FROM "schema_migrations" ORDER BY "schema_migrations"."version" ASC[0m
Migrating to CreateStudents (20191208053926)
  [1m[35m (0.1ms)[0m  [1m[36mbegin transaction[0m
  [1m[35m (4.8ms)[0m  [1m[35mCREATE TABLE "students" ("id" integer PRIMARY KEY AUTOINCREMENT NOT NULL, "student_name" varchar, "created_at" datetime(6) NOT NULL, "updated_at" datetime(6) NOT NULL)[0m
  [1m[36mprimary::SchemaMigration Create (0.3ms)[0m  [1m[32mINSERT INTO "schema_migrations" ("version") VALUES (?)[0m  [["version", "20191208053926"]]
  [1m[35m (24.2ms)[0m  [1m[36mcommit transaction[0m
Migrating to CreateCourses (20191208053945)
  [1m[35m (0.1ms)[0m  [1m[36mbegin transaction[0m
  [1m[35m (1.7ms)[0m  [1m[35mCREATE TABLE "courses" ("id" integer PRIMARY KEY AUTOINCREMENT NOT NULL, "course_name" varchar, "student_id" integer, "created_at" datetime(6) NOT NULL, "updated_at" datetime(6) NOT NULL)[0m
  [1m[36mprimary::SchemaMigration Create (0.3ms)[0m  [1m[32mINSERT INTO "schema_migrations" ("version") VALUES (?)[0m  [["version", "20191208053945"]]
  [1m[35m (15.0ms)[0m  [1m[36mcommit transaction[0m
  [1m[36mActiveRecord::InternalMetadata Load (0.4ms)[0m  [1m[34mSELECT "ar_internal_metadata".* FROM "ar_internal_metadata" WHERE "ar_internal_metadata"."key" = ? LIMIT ?[0m  [["key", "environment"], ["LIMIT", 1]]
  [1m[35m (0.1ms)[0m  [1m[34mSELECT sqlite_version(*)[0m
  [1m[35m (0.1ms)[0m  [1m[34mSELECT "schema_migrations"."version" FROM "schema_migrations" ORDER BY "schema_migrations"."version" ASC[0m
  [1m[35m (3.0ms)[0m  [1m[34mSELECT sqlite_version(*)[0m
  [1m[35m (0.3ms)[0m  [1m[34mSELECT "schema_migrations"."version" FROM "schema_migrations" ORDER BY "schema_migrations"."version" ASC[0m
Migrating to AddForeignKeyToCourse (20191208060332)
  [1m[35m (0.1ms)[0m  [1m[36mbegin transaction[0m
  [1m[35m (0.1ms)[0m  [1m[35mPRAGMA foreign_keys[0m
  [1m[35m (0.1ms)[0m  [1m[35mPRAGMA defer_foreign_keys[0m
  [1m[35m (0.0ms)[0m  [1m[35mPRAGMA defer_foreign_keys = ON[0m
  [1m[35m (0.1ms)[0m  [1m[35mPRAGMA foreign_keys = OFF[0m
  [1m[35m (0.2ms)[0m  [1m[35mCREATE TEMPORARY TABLE "acourses" ("id" integer NOT NULL PRIMARY KEY, "course_name" varchar DEFAULT NULL, "student_id" integer DEFAULT NULL, "created_at" datetime(6) NOT NULL, "updated_at" datetime(6) NOT NULL)[0m
  [1m[35m (0.1ms)[0m  [1m[32mINSERT INTO "acourses" ("id","course_name","student_id","created_at","updated_at")
                     SELECT "id","course_name","student_id","created_at","updated_at" FROM "courses"[0m
  [1m[35m (1.8ms)[0m  [1m[35mDROP TABLE "courses"[0m
  [1m[35m (0.2ms)[0m  [1m[35mCREATE TABLE "courses" ("id" integer NOT NULL PRIMARY KEY, "course_name" varchar DEFAULT NULL, "student_id" integer DEFAULT NULL, "created_at" datetime(6) NOT NULL, "updated_at" datetime(6) NOT NULL, CONSTRAINT "fk_rails_06d459a540"
FOREIGN KEY ("student_id")
  REFERENCES "students" ("id")
)[0m
  [1m[35m (0.1ms)[0m  [1m[32mINSERT INTO "courses" ("id","course_name","student_id","created_at","updated_at")
                     SELECT "id","course_name","student_id","created_at","updated_at" FROM "acourses"[0m
  [1m[35m (0.1ms)[0m  [1m[35mDROP TABLE "acourses"[0m
  [1m[35m (0.0ms)[0m  [1m[35mPRAGMA defer_foreign_keys = 0[0m
  [1m[35m (0.0ms)[0m  [1m[35mPRAGMA foreign_keys = 1[0m
  [1m[36mprimary::SchemaMigration Create (0.2ms)[0m  [1m[32mINSERT INTO "schema_migrations" ("version") VALUES (?)[0m  [["version", "20191208060332"]]
  [1m[35m (13.2ms)[0m  [1m[36mcommit transaction[0m
  [1m[36mActiveRecord::InternalMetadata Load (0.3ms)[0m  [1m[34mSELECT "ar_internal_metadata".* FROM "ar_internal_metadata" WHERE "ar_internal_metadata"."key" = ? LIMIT ?[0m  [["key", "environment"], ["LIMIT", 1]]
  [1m[35m (0.1ms)[0m  [1m[34mSELECT sqlite_version(*)[0m
  [1m[35m (0.1ms)[0m  [1m[34mSELECT "schema_migrations"."version" FROM "schema_migrations" ORDER BY "schema_migrations"."version" ASC[0m
  [1m[35m (3.0ms)[0m  [1m[34mSELECT sqlite_version(*)[0m
  [1m[35m (0.2ms)[0m  [1m[34mSELECT "schema_migrations"."version" FROM "schema_migrations" ORDER BY "schema_migrations"."version" ASC[0m
  [1m[35m (0.1ms)[0m  [1m[34mSELECT sqlite_version(*)[0m
  [1m[35m (0.0ms)[0m  [1m[36mbegin transaction[0m
  [1m[36mStudent Create (3.5ms)[0m  [1m[32mINSERT INTO "students" ("student_name", "created_at", "updated_at") VALUES (?, ?, ?)[0m  [["student_name", "ABBY BOTSFORD"], ["created_at", "2019-12-08 06:04:50.382060"], ["updated_at", "2019-12-08 06:04:50.382060"]]
  [1m[35m (13.0ms)[0m  [1m[36mcommit transaction[0m
  [1m[35m (0.0ms)[0m  [1m[36mbegin transaction[0m
  [1m[36mStudent Create (0.9ms)[0m  [1m[32mINSERT INTO "students" ("student_name", "created_at", "updated_at") VALUES (?, ?, ?)[0m  [["student_name", "CANDY DICKSON"], ["created_at", "2019-12-08 06:04:50.401866"], ["updated_at", "2019-12-08 06:04:50.401866"]]
  [1m[35m (11.9ms)[0m  [1m[36mcommit transaction[0m
  [1m[35m (0.1ms)[0m  [1m[36mbegin transaction[0m
  [1m[36mStudent Create (0.8ms)[0m  [1m[32mINSERT INTO "students" ("student_name", "created_at", "updated_at") VALUES (?, ?, ?)[0m  [["student_name", "ELYSSA FARHAUSER"], ["created_at", "2019-12-08 06:04:50.417736"], ["updated_at", "2019-12-08 06:04:50.417736"]]
  [1m[35m (13.9ms)[0m  [1m[36mcommit transaction[0m
  [1m[35m (0.0ms)[0m  [1m[36mbegin transaction[0m
  [1m[36mStudent Create (1.2ms)[0m  [1m[32mINSERT INTO "students" ("student_name", "created_at", "updated_at") VALUES (?, ?, ?)[0m  [["student_name", "GEORGE HINES"], ["created_at", "2019-12-08 06:04:50.435479"], ["updated_at", "2019-12-08 06:04:50.435479"]]
  [1m[35m (12.5ms)[0m  [1m[36mcommit transaction[0m
  [1m[35m (0.0ms)[0m  [1m[36mbegin transaction[0m
  [1m[36mStudent Create (0.8ms)[0m  [1m[32mINSERT INTO "students" ("student_name", "created_at", "updated_at") VALUES (?, ?, ?)[0m  [["student_name", "IVY JACKSON"], ["created_at", "2019-12-08 06:04:50.451825"], ["updated_at", "2019-12-08 06:04:50.451825"]]
  [1m[35m (12.8ms)[0m  [1m[36mcommit transaction[0m
  [1m[35m (0.0ms)[0m  [1m[36mbegin transaction[0m
  [1m[36mStudent Create (0.8ms)[0m  [1m[32mINSERT INTO "students" ("student_name", "created_at", "updated_at") VALUES (?, ?, ?)[0m  [["student_name", "KAITLYNN LEONS"], ["created_at", "2019-12-08 06:04:50.468345"], ["updated_at", "2019-12-08 06:04:50.468345"]]
  [1m[35m (12.9ms)[0m  [1m[36mcommit transaction[0m
  [1m[35m (0.0ms)[0m  [1m[36mbegin transaction[0m
  [1m[36mStudent Create (0.8ms)[0m  [1m[32mINSERT INTO "students" ("student_name", "created_at", "updated_at") VALUES (?, ?, ?)[0m  [["student_name", "MANDY NASSER"], ["created_at", "2019-12-08 06:04:50.488510"], ["updated_at", "2019-12-08 06:04:50.488510"]]
  [1m[35m (12.0ms)[0m  [1m[36mcommit transaction[0m
  [1m[35m (0.0ms)[0m  [1m[36mbegin transaction[0m
  [1m[36mStudent Create (0.8ms)[0m  [1m[32mINSERT INTO "students" ("student_name", "created_at", "updated_at") VALUES (?, ?, ?)[0m  [["student_name", "OLLIE PICKERS"], ["created_at", "2019-12-08 06:04:50.504281"], ["updated_at", "2019-12-08 06:04:50.504281"]]
  [1m[35m (12.0ms)[0m  [1m[36mcommit transaction[0m
  [1m[35m (0.0ms)[0m  [1m[36mbegin transaction[0m
  [1m[36mCourse Create (0.8ms)[0m  [1m[32mINSERT INTO "courses" ("course_name", "student_id", "created_at", "updated_at") VALUES (?, ?, ?, ?)[0m  [["course_name", "CIS 150"], ["student_id", 1], ["created_at", "2019-12-08 06:04:50.529203"], ["updated_at", "2019-12-08 06:04:50.529203"]]
  [1m[35m (12.6ms)[0m  [1m[36mcommit transaction[0m
  [1m[35m (0.0ms)[0m  [1m[36mbegin transaction[0m
  [1m[36mCourse Create (0.8ms)[0m  [1m[32mINSERT INTO "courses" ("course_name", "student_id", "created_at", "updated_at") VALUES (?, ?, ?, ?)[0m  [["course_name", "CIS 200"], ["student_id", 2], ["created_at", "2019-12-08 06:04:50.545408"], ["updated_at", "2019-12-08 06:04:50.545408"]]
  [1m[35m (11.8ms)[0m  [1m[36mcommit transaction[0m
  [1m[35m (0.1ms)[0m  [1m[36mbegin transaction[0m
  [1m[36mCourse Create (0.8ms)[0m  [1m[32mINSERT INTO "courses" ("course_name", "student_id", "created_at", "updated_at") VALUES (?, ?, ?, ?)[0m  [["course_name", "CIS 275"], ["student_id", 3], ["created_at", "2019-12-08 06:04:50.561252"], ["updated_at", "2019-12-08 06:04:50.561252"]]
  [1m[35m (12.8ms)[0m  [1m[36mcommit transaction[0m
  [1m[35m (0.0ms)[0m  [1m[36mbegin transaction[0m
  [1m[36mCourse Create (0.8ms)[0m  [1m[32mINSERT INTO "courses" ("course_name", "student_id", "created_at", "updated_at") VALUES (?, ?, ?, ?)[0m  [["course_name", "CIS 350"], ["student_id", 4], ["created_at", "2019-12-08 06:04:50.577683"], ["updated_at", "2019-12-08 06:04:50.577683"]]
  [1m[35m (12.5ms)[0m  [1m[36mcommit transaction[0m
  [1m[35m (0.1ms)[0m  [1m[36mbegin transaction[0m
  [1m[36mCourse Create (1.2ms)[0m  [1m[32mINSERT INTO "courses" ("course_name", "student_id", "created_at", "updated_at") VALUES (?, ?, ?, ?)[0m  [["course_name", "CIS 375"], ["student_id", 5], ["created_at", "2019-12-08 06:04:50.594186"], ["updated_at", "2019-12-08 06:04:50.594186"]]
  [1m[35m (12.2ms)[0m  [1m[36mcommit transaction[0m
  [1m[35m (0.1ms)[0m  [1m[36mbegin transaction[0m
  [1m[36mCourse Create (0.8ms)[0m  [1m[32mINSERT INTO "courses" ("course_name", "student_id", "created_at", "updated_at") VALUES (?, ?, ?, ?)[0m  [["course_name", "CIS 400"], ["student_id", 6], ["created_at", "2019-12-08 06:04:50.610884"], ["updated_at", "2019-12-08 06:04:50.610884"]]
  [1m[35m (12.0ms)[0m  [1m[36mcommit transaction[0m
  [1m[35m (0.1ms)[0m  [1m[36mbegin transaction[0m
  [1m[36mCourse Create (0.8ms)[0m  [1m[32mINSERT INTO "courses" ("course_name", "student_id", "created_at", "updated_at") VALUES (?, ?, ?, ?)[0m  [["course_name", "CIS 421"], ["student_id", 7], ["created_at", "2019-12-08 06:04:50.626945"], ["updated_at", "2019-12-08 06:04:50.626945"]]
  [1m[35m (12.4ms)[0m  [1m[36mcommit transaction[0m
  [1m[35m (0.1ms)[0m  [1m[36mbegin transaction[0m
  [1m[36mCourse Create (0.8ms)[0m  [1m[32mINSERT INTO "courses" ("course_name", "student_id", "created_at", "updated_at") VALUES (?, ?, ?, ?)[0m  [["course_name", "CIS 425"], ["student_id", 8], ["created_at", "2019-12-08 06:04:50.643363"], ["updated_at", "2019-12-08 06:04:50.643363"]]
  [1m[35m (12.7ms)[0m  [1m[36mcommit transaction[0m
  [1m[35m (3.0ms)[0m  [1m[34mSELECT sqlite_version(*)[0m
  [1m[36mStudent Load (0.2ms)[0m  [1m[34mSELECT "students".* FROM "students" ORDER BY "students"."id" ASC LIMIT ?[0m  [["LIMIT", 1]]
  [1m[36mCourse Load (0.3ms)[0m  [1m[34mSELECT "courses".* FROM "courses" ORDER BY "courses"."id" ASC LIMIT ?[0m  [["LIMIT", 1]]
  [1m[35m (0.3ms)[0m  [1m[34mSELECT "courses"."student_id" FROM "courses" WHERE "courses"."course_name" = ?[0m  [["course_name", "CIS 150"]]
  [1m[36mCourse Load (0.6ms)[0m  [1m[34mSELECT "courses".* FROM "courses" INNER JOIN "students" ON "students"."course_id" = "courses"."id" LIMIT ?[0m  [["LIMIT", 11]]
  [1m[36mStudent Load (0.4ms)[0m  [1m[34mSELECT "students".* FROM "students" INNER JOIN "courses" ON "courses"."student_id" = "students"."id" LIMIT ?[0m  [["LIMIT", 11]]
  [1m[36mStudent Load (0.5ms)[0m  [1m[34mSELECT "students".* FROM "students" LIMIT ?[0m  [["LIMIT", 11]]
  [1m[36mStudent Load (0.3ms)[0m  [1m[34mSELECT "students".* FROM "students" ORDER BY "students"."id" ASC LIMIT ?[0m  [["LIMIT", 1]]
  [1m[36mCourse Load (0.3ms)[0m  [1m[34mSELECT "courses".* FROM "courses" ORDER BY "courses"."id" ASC LIMIT ?[0m  [["LIMIT", 1]]
